S1
屏幕：关
亮度：无
GPS/定位：开
蓝牙：开
NFC：开
飞行模式：在 Topo‑1 下通常不能开（会断热点），所以不作为 S1 的选项；我们就测 S1‑HS
省电模式/高刷：关
前台应用：固定
S1-WiFi开-蜂窝关：artifacts\runs\20260131_011022_S1_HS.csv
S1-WiFi开-蜂窝开：artifacts\runs\20260131_013402_S1_HS_1.csv

S2
屏幕：开
亮度：30/90/150/210
GPS/定位：开
蓝牙：开
NFC：开
飞行模式：在 Topo‑1 下通常不能开（会断热点），所以不作为 S1 的选项；我们就测 S1‑HS
省电模式/高刷：关
前台应用：固定
wifi/蜂窝：开
具体数据：
artifacts\runs\20260131_021840_S2_b30.csv
artifacts\runs\20260131_021541_S2_b90.csv
artifacts\runs\20260131_023908_S2_b150.csv
artifacts\runs\20260131_024931_S2_b210.csv